20/Oct/2017:08:13:38 +0100 [185207] -> GET /content/regent.html HTTP/1.1
20/Oct/2017:08:13:38 +0100 [185207] <- 200 text/html;charset=UTF-8 6ms
20/Oct/2017:08:13:38 +0100 [185208] -> GET /libs/granite/csrf/token.json HTTP/1.1
20/Oct/2017:08:13:38 +0100 [185208] <- 200 application/json 2ms
20/Oct/2017:08:13:45 +0100 [185209] -> GET /bin/receive?sling:authRequestLogin=1&timeline=2017-08-05T12%3a11%3a24.843%2b01%3a00 HTTP/1.1
20/Oct/2017:08:13:45 +0100 [185209] <- 200 application/octet-stream 1ms
20/Oct/2017:08:14:05 +0100 [185210] -> GET /content/regent.html HTTP/1.1
20/Oct/2017:08:14:05 +0100 [185210] <- 200 text/html;charset=UTF-8 6ms
20/Oct/2017:08:14:08 +0100 [185211] -> GET /content/regent.html HTTP/1.1
20/Oct/2017:08:14:08 +0100 [185211] <- 200 text/html;charset=UTF-8 6ms
20/Oct/2017:08:14:15 +0100 [185212] -> GET /bin/receive?sling:authRequestLogin=1&timeline=2017-08-05T12%3a11%3a24.843%2b01%3a00 HTTP/1.1
20/Oct/2017:08:14:15 +0100 [185212] <- 200 application/octet-stream 1ms
20/Oct/2017:08:14:35 +0100 [185213] -> GET /content/regent.html HTTP/1.1
20/Oct/2017:08:14:35 +0100 [185213] <- 200 text/html;charset=UTF-8 6ms
20/Oct/2017:08:14:38 +0100 [185214] -> GET /content/regent.html HTTP/1.1
20/Oct/2017:08:14:38 +0100 [185214] <- 200 text/html;charset=UTF-8 6ms
20/Oct/2017:08:14:45 +0100 [185215] -> GET /bin/receive?sling:authRequestLogin=1&timeline=2017-08-05T12%3a11%3a24.843%2b01%3a00 HTTP/1.1
20/Oct/2017:08:14:45 +0100 [185215] <- 200 application/octet-stream 1ms
20/Oct/2017:08:15:05 +0100 [185216] -> GET /content/regent.html HTTP/1.1
20/Oct/2017:08:15:05 +0100 [185216] <- 200 text/html;charset=UTF-8 6ms
20/Oct/2017:08:15:07 +0100 [185217] -> GET /libs/granite/csrf/token.json HTTP/1.1
20/Oct/2017:08:15:07 +0100 [185217] <- 200 application/json 2ms
20/Oct/2017:08:15:08 +0100 [185218] -> GET /content/regent.html HTTP/1.1
20/Oct/2017:08:15:08 +0100 [185218] <- 200 text/html;charset=UTF-8 6ms
20/Oct/2017:08:15:15 +0100 [185219] -> GET /bin/receive?sling:authRequestLogin=1&timeline=2017-08-05T12%3a11%3a24.843%2b01%3a00 HTTP/1.1
20/Oct/2017:08:15:15 +0100 [185219] <- 200 application/octet-stream 0ms
20/Oct/2017:08:15:35 +0100 [185220] -> GET /content/regent.html HTTP/1.1
20/Oct/2017:08:15:35 +0100 [185220] <- 200 text/html;charset=UTF-8 6ms
20/Oct/2017:08:15:38 +0100 [185221] -> GET /content/regent.html HTTP/1.1
20/Oct/2017:08:15:38 +0100 [185221] <- 200 text/html;charset=UTF-8 6ms
20/Oct/2017:08:15:39 +0100 [185222] -> GET /content/stw/en/homepage.html HTTP/1.1
20/Oct/2017:08:15:40 +0100 [185222] <- 200 text/html 1078ms
20/Oct/2017:08:15:41 +0100 [185223] -> GET /bin/clientlibchacheservlet.2-0-30-SNAPSHOT-20171011-182012/etc/designs/stw/clientlib-all/css/img/icons/search-white.svg HTTP/1.1
20/Oct/2017:08:15:41 +0100 [185223] <- 404 text/html; charset=UTF-8 7ms
20/Oct/2017:08:15:41 +0100 [185224] -> GET /bin/clientlibchacheservlet.2-0-30-SNAPSHOT-20171011-182012/etc/designs/stw/clientlib-all/fonts/severn-trent-icons.ttf?1s1ur HTTP/1.1
20/Oct/2017:08:15:41 +0100 [185224] <- 200 application/x-font-ttf 2ms
20/Oct/2017:08:15:43 +0100 [185225] -> GET /libs/granite/csrf/token.json HTTP/1.1
20/Oct/2017:08:15:43 +0100 [185225] <- 200 application/json 2ms
20/Oct/2017:08:15:44 +0100 [185226] -> GET /content/vanityUrls.html HTTP/1.1
20/Oct/2017:08:15:44 +0100 [185226] <- 200 text/plain 19ms
20/Oct/2017:08:15:45 +0100 [185227] -> GET /bin/receive?sling:authRequestLogin=1&timeline=2017-08-05T12%3a11%3a24.843%2b01%3a00 HTTP/1.1
20/Oct/2017:08:15:45 +0100 [185227] <- 200 application/octet-stream 1ms
20/Oct/2017:08:16:05 +0100 [185228] -> GET /content/regent.html HTTP/1.1
20/Oct/2017:08:16:05 +0100 [185228] <- 200 text/html;charset=UTF-8 6ms
20/Oct/2017:08:16:08 +0100 [185229] -> GET /content/regent.html HTTP/1.1
20/Oct/2017:08:16:08 +0100 [185229] <- 200 text/html;charset=UTF-8 6ms
20/Oct/2017:08:16:15 +0100 [185230] -> GET /bin/receive?sling:authRequestLogin=1&timeline=2017-08-05T12%3a11%3a24.843%2b01%3a00 HTTP/1.1
20/Oct/2017:08:16:15 +0100 [185230] <- 200 application/octet-stream 1ms
20/Oct/2017:08:16:35 +0100 [185231] -> GET /content/regent.html HTTP/1.1
20/Oct/2017:08:16:35 +0100 [185231] <- 200 text/html;charset=UTF-8 6ms
20/Oct/2017:08:16:38 +0100 [185232] -> GET /content/regent.html HTTP/1.1
20/Oct/2017:08:16:38 +0100 [185232] <- 200 text/html;charset=UTF-8 6ms
20/Oct/2017:08:16:45 +0100 [185233] -> GET /bin/receive?sling:authRequestLogin=1&timeline=2017-08-05T12%3a11%3a24.843%2b01%3a00 HTTP/1.1
20/Oct/2017:08:16:45 +0100 [185233] <- 200 application/octet-stream 1ms
20/Oct/2017:08:17:05 +0100 [185234] -> GET /content/regent.html HTTP/1.1
20/Oct/2017:08:17:05 +0100 [185234] <- 200 text/html;charset=UTF-8 6ms
20/Oct/2017:08:17:08 +0100 [185235] -> GET /content/regent.html HTTP/1.1
20/Oct/2017:08:17:08 +0100 [185235] <- 200 text/html;charset=UTF-8 6ms
20/Oct/2017:08:17:15 +0100 [185236] -> GET /bin/receive?sling:authRequestLogin=1&timeline=2017-08-05T12%3a11%3a24.843%2b01%3a00 HTTP/1.1
20/Oct/2017:08:17:15 +0100 [185236] <- 200 application/octet-stream 1ms
20/Oct/2017:08:17:35 +0100 [185237] -> GET /content/regent.html HTTP/1.1
20/Oct/2017:08:17:35 +0100 [185237] <- 200 text/html;charset=UTF-8 6ms
20/Oct/2017:08:17:38 +0100 [185238] -> GET /content/regent.html HTTP/1.1
20/Oct/2017:08:17:38 +0100 [185238] <- 200 text/html;charset=UTF-8 6ms
20/Oct/2017:08:17:45 +0100 [185239] -> GET /bin/receive?sling:authRequestLogin=1&timeline=2017-08-05T12%3a11%3a24.843%2b01%3a00 HTTP/1.1
20/Oct/2017:08:17:45 +0100 [185239] <- 200 application/octet-stream 1ms
20/Oct/2017:08:17:47 +0100 [185240] -> GET /libs/granite/csrf/token.json HTTP/1.1
20/Oct/2017:08:17:47 +0100 [185240] <- 200 application/json 1ms
20/Oct/2017:08:18:05 +0100 [185241] -> GET /content/regent.html HTTP/1.1
20/Oct/2017:08:18:05 +0100 [185241] <- 200 text/html;charset=UTF-8 6ms
20/Oct/2017:08:18:08 +0100 [185242] -> GET /content/regent.html HTTP/1.1
20/Oct/2017:08:18:08 +0100 [185242] <- 200 text/html;charset=UTF-8 6ms
20/Oct/2017:08:18:15 +0100 [185243] -> GET /bin/receive?sling:authRequestLogin=1&timeline=2017-08-05T12%3a11%3a24.843%2b01%3a00 HTTP/1.1
20/Oct/2017:08:18:15 +0100 [185243] <- 200 application/octet-stream 1ms
20/Oct/2017:08:18:31 +0100 [185244] -> GET /content/stw/en/homepage/login.html HTTP/1.1
20/Oct/2017:08:18:32 +0100 [185244] <- 200 text/html 593ms
20/Oct/2017:08:18:33 +0100 [185245] -> GET /libs/granite/csrf/token.json HTTP/1.1
20/Oct/2017:08:18:33 +0100 [185245] <- 200 application/json 1ms
20/Oct/2017:08:18:33 +0100 [185246] -> GET /bin/clientlibchacheservlet.2-0-30-SNAPSHOT-20171011-182012/etc/designs/stw/clientlib-all/fonts/severn-trent-icons.ttf?1s1ur HTTP/1.1
20/Oct/2017:08:18:33 +0100 [185246] <- 200 application/x-font-ttf 1ms
20/Oct/2017:08:18:35 +0100 [185247] -> GET /content/regent.html HTTP/1.1
20/Oct/2017:08:18:35 +0100 [185247] <- 200 text/html;charset=UTF-8 7ms
20/Oct/2017:08:18:36 +0100 [185248] -> GET /libs/granite/csrf/token.json HTTP/1.1
20/Oct/2017:08:18:36 +0100 [185248] <- 200 application/json 1ms